c:\users\pc\documents\visual studio 2015\projects\sfmlgaim\sfml space shooter game\debug\vc140.pdb
c:\users\pc\documents\visual studio 2015\projects\sfmlgaim\sfml space shooter game\debug\vc140.idb
c:\users\pc\documents\visual studio 2015\projects\sfmlgaim\sfml space shooter game\debug\pausestate.obj
c:\users\pc\documents\visual studio 2015\projects\sfmlgaim\sfml space shooter game\debug\pickup.obj
c:\users\pc\documents\visual studio 2015\projects\sfmlgaim\sfml space shooter game\debug\player.obj
c:\users\pc\documents\visual studio 2015\projects\sfmlgaim\sfml space shooter game\debug\playstate.obj
c:\users\pc\documents\visual studio 2015\projects\sfmlgaim\sfml space shooter game\debug\posteffect.obj
c:\users\pc\documents\visual studio 2015\projects\sfmlgaim\sfml space shooter game\debug\projectile.obj
c:\users\pc\documents\visual studio 2015\projects\sfmlgaim\sfml space shooter game\debug\scenenode.obj
c:\users\pc\documents\visual studio 2015\projects\sfmlgaim\sfml space shooter game\debug\selectlevelstate.obj
c:\users\pc\documents\visual studio 2015\projects\sfmlgaim\sfml space shooter game\debug\settingsstate.obj
c:\users\pc\documents\visual studio 2015\projects\sfmlgaim\sfml space shooter game\debug\soundnode.obj
c:\users\pc\documents\visual studio 2015\projects\sfmlgaim\sfml space shooter game\debug\soundplayer.obj
c:\users\pc\documents\visual studio 2015\projects\sfmlgaim\sfml space shooter game\debug\spaceship.obj
c:\users\pc\documents\visual studio 2015\projects\sfmlgaim\sfml space shooter game\debug\spritenode.obj
c:\users\pc\documents\visual studio 2015\projects\sfmlgaim\sfml space shooter game\debug\state.obj
c:\users\pc\documents\visual studio 2015\projects\sfmlgaim\sfml space shooter game\debug\statestack.obj
c:\users\pc\documents\visual studio 2015\projects\sfmlgaim\sfml space shooter game\debug\textnode.obj
c:\users\pc\documents\visual studio 2015\projects\sfmlgaim\sfml space shooter game\debug\titlestate.obj
c:\users\pc\documents\visual studio 2015\projects\sfmlgaim\sfml space shooter game\debug\upgradestate.obj
c:\users\pc\documents\visual studio 2015\projects\sfmlgaim\sfml space shooter game\debug\utility.obj
c:\users\pc\documents\visual studio 2015\projects\sfmlgaim\sfml space shooter game\debug\world.obj
c:\users\pc\documents\visual studio 2015\projects\sfmlgaim\sfml space shooter game\debug\application.obj
c:\users\pc\documents\visual studio 2015\projects\sfmlgaim\sfml space shooter game\debug\bloomeffect.obj
c:\users\pc\documents\visual studio 2015\projects\sfmlgaim\sfml space shooter game\debug\button.obj
c:\users\pc\documents\visual studio 2015\projects\sfmlgaim\sfml space shooter game\debug\command.obj
c:\users\pc\documents\visual studio 2015\projects\sfmlgaim\sfml space shooter game\debug\commandqueue.obj
c:\users\pc\documents\visual studio 2015\projects\sfmlgaim\sfml space shooter game\debug\component.obj
c:\users\pc\documents\visual studio 2015\projects\sfmlgaim\sfml space shooter game\debug\container.obj
c:\users\pc\documents\visual studio 2015\projects\sfmlgaim\sfml space shooter game\debug\database.obj
c:\users\pc\documents\visual studio 2015\projects\sfmlgaim\sfml space shooter game\debug\datatables.obj
c:\users\pc\documents\visual studio 2015\projects\sfmlgaim\sfml space shooter game\debug\emitternode.obj
c:\users\pc\documents\visual studio 2015\projects\sfmlgaim\sfml space shooter game\debug\entity.obj
c:\users\pc\documents\visual studio 2015\projects\sfmlgaim\sfml space shooter game\debug\gameoverstate.obj
c:\users\pc\documents\visual studio 2015\projects\sfmlgaim\sfml space shooter game\debug\gamestate.obj
c:\users\pc\documents\visual studio 2015\projects\sfmlgaim\sfml space shooter game\debug\helpstate.obj
c:\users\pc\documents\visual studio 2015\projects\sfmlgaim\sfml space shooter game\debug\label.obj
c:\users\pc\documents\visual studio 2015\projects\sfmlgaim\sfml space shooter game\debug\leaderboardstate.obj
c:\users\pc\documents\visual studio 2015\projects\sfmlgaim\sfml space shooter game\debug\main.obj
c:\users\pc\documents\visual studio 2015\projects\sfmlgaim\sfml space shooter game\debug\menustate.obj
c:\users\pc\documents\visual studio 2015\projects\sfmlgaim\sfml space shooter game\debug\musicplayer.obj
c:\users\pc\documents\visual studio 2015\projects\sfmlgaim\sfml space shooter game\debug\particlenode.obj
c:\users\pc\documents\visual studio 2015\projects\sfmlgaim\sfml space shooter game\debug\animation.obj
c:\users\pc\documents\visual studio 2015\projects\sfmlgaim\debug\sfmlgame.ilk
c:\users\pc\documents\visual studio 2015\projects\sfmlgaim\debug\sfmlgame.exe
c:\users\pc\documents\visual studio 2015\projects\sfmlgaim\debug\sfmlgame.pdb
c:\users\pc\documents\visual studio 2015\projects\sfmlgaim\sfml space shooter game\debug\sfmlgame.tlog\cl.command.1.tlog
c:\users\pc\documents\visual studio 2015\projects\sfmlgaim\sfml space shooter game\debug\sfmlgame.tlog\cl.read.1.tlog
c:\users\pc\documents\visual studio 2015\projects\sfmlgaim\sfml space shooter game\debug\sfmlgame.tlog\cl.write.1.tlog
c:\users\pc\documents\visual studio 2015\projects\sfmlgaim\sfml space shooter game\debug\sfmlgame.tlog\link.command.1.tlog
c:\users\pc\documents\visual studio 2015\projects\sfmlgaim\sfml space shooter game\debug\sfmlgame.tlog\link.read.1.tlog
c:\users\pc\documents\visual studio 2015\projects\sfmlgaim\sfml space shooter game\debug\sfmlgame.tlog\link.write.1.tlog
